[0523/155037.007:ERROR:file_io.cc(134)] WriteFile: Insufficient system resources exist to complete the requested service. (0x5AA)
[0523/155037.008:ERROR:file_io.cc(134)] WriteFile: Insufficient system resources exist to complete the requested service. (0x5AA)
[0523/155037.017:ERROR:file_io.cc(134)] WriteFile: Insufficient system resources exist to complete the requested service. (0x5AA)
[0523/155037.021:ERROR:registration_protocol_win.cc(84)] TransactNamedPipe: The pipe has been ended. (0x6D)
[0523/155037.027:ERROR:file_io.cc(89)] ReadExactly: expected 40, observed 0
[0523/155037.041:ERROR:registration_protocol_win.cc(84)] TransactNamedPipe: The pipe has been ended. (0x6D)
[0523/155037.042:ERROR:file_io.cc(89)] ReadExactly: expected 40, observed 0
[0523/155037.052:ERROR:registration_protocol_win.cc(84)] TransactNamedPipe: The pipe has been ended. (0x6D)
[0523/155037.089:ERROR:file_io.cc(89)] ReadExactly: expected 40, observed 0
[0523/155037.007:ERROR:file_io.cc(134)] WriteFile: Insufficient system resources exist to complete the requested service. (0x5AA)
[0523/155039.465:ERROR:registration_protocol_win.cc(84)] TransactNamedPipe: The pipe has been ended. (0x6D)
[0523/155041.468:ERROR:file_io.cc(89)] ReadExactly: expected 40, observed 0
[0523/155043.686:ERROR:crashpad_client_win.cc(130)] crash server failed to launch, self-terminating
[0523/155043.753:ERROR:crashpad_client_win.cc(130)] crash server failed to launch, self-terminating
[0523/155043.874:ERROR:crashpad_client_win.cc(130)] crash server failed to launch, self-terminating
[0523/155043.698:FATAL:exception_handler_server.cc(331)] : The paging file is too small for this operation to complete. (0x5AF)
[0523/155043.715:ERROR:file_io.cc(134)] WriteFile: Not enough storage is available to process this command. (0x8)
[0523/155043.715:ERROR:file_io.cc(134)] WriteFile: Not enough storage is available to process this command. (0x8)
[0523/155044.329:ERROR:process_info.cc(359)] UncheckedAllocate
[0523/155044.380:ERROR:registration_protocol_win.cc(84)] TransactNamedPipe: The pipe has been ended. (0x6D)
[0523/155045.865:ERROR:file_io.cc(89)] ReadExactly: expected 40, observed 0
[0523/155046.121:ERROR:file_io.cc(134)] WriteFile: There is not enough space on the disk. (0x70)
[0523/155046.171:ERROR:crash_report_exception_handler.cc(116)] WriteEverything failed
[0523/155046.183:ERROR:file_io.cc(134)] WriteFile: There is not enough space on the disk. (0x70)
[0523/155046.248:ERROR:crash_report_exception_handler.cc(116)] WriteEverything failed
[0523/155046.183:ERROR:file_io.cc(134)] WriteFile: There is not enough space on the disk. (0x70)
[0523/155046.283:ERROR:crash_report_exception_handler.cc(116)] WriteEverything failed
